<?xml version="1.0" encoding="UTF-8"?>
<!-- Generated by org.testng.reporters.JUnitXMLReporter -->
<testsuite hostname="LAPTOP-FDIBJU8L" ignored="0" name="Default test" tests="3" failures="0" timestamp="31 Mar 2021 06:38:13 GMT" time="50.877" errors="0">
  <testcase name="loginPageTitleTest" time="0.141" classname="com.crm.qa.testcases.LoginPageTest"/>
  <testcase name="crmLogoImageTest" time="0.343" classname="com.crm.qa.testcases.LoginPageTest"/>
  <testcase name="loginTest" time="6.974" classname="com.crm.qa.testcases.LoginPageTest"/>
</testsuite> <!-- Default test -->
